<?xml version="1.0" encoding="UTF-8"?>
<testsuite name="cft.servizioC.ServizioCApplicationTests" tests="1" skipped="1" failures="0" errors="0" timestamp="2019-06-17T19:00:40" hostname="AsusZenbook" time="0.0">
  <properties/>
  <testcase name="contextLoads" classname="cft.servizioC.ServizioCApplicationTests" time="0.0">
    <skipped/>
  </testcase>
  <system-out><![CDATA[21:00:39.478 [Test worker] DEBUG org.springframework.test.context.junit4.SpringJUnit4ClassRunner - SpringJUnit4ClassRunner constructor called with [class cft.servizioC.ServizioCApplicationTests]
21:00:39.494 [Test worker] DEBUG org.springframework.test.context.BootstrapUtils - Instantiating CacheAwareContextLoaderDelegate from class [org.springframework.test.context.cache.DefaultCacheAwareContextLoaderDelegate]
21:00:39.515 [Test worker] DEBUG org.springframework.test.context.BootstrapUtils - Instantiating BootstrapContext using constructor [public org.springframework.test.context.support.DefaultBootstrapContext(java.lang.Class,org.springframework.test.context.CacheAwareContextLoaderDelegate)]
21:00:39.561 [Test worker] DEBUG org.springframework.test.context.BootstrapUtils - Instantiating TestContextBootstrapper for test class [cft.servizioC.ServizioCApplicationTests] from class [org.springframework.boot.test.context.SpringBootTestContextBootstrapper]
21:00:39.589 [Test worker] INFO org.springframework.boot.test.context.SpringBootTestContextBootstrapper - Neither @ContextConfiguration nor @ContextHierarchy found for test class [cft.servizioC.ServizioCApplicationTests], using SpringBootContextLoader
21:00:39.594 [Test worker] DEBUG org.springframework.test.context.support.AbstractContextLoader - Did not detect default resource location for test class [cft.servizioC.ServizioCApplicationTests]: class path resource [cft/servizioC/ServizioCApplicationTests-context.xml] does not exist
21:00:39.595 [Test worker] DEBUG org.springframework.test.context.support.AbstractContextLoader - Did not detect default resource location for test class [cft.servizioC.ServizioCApplicationTests]: class path resource [cft/servizioC/ServizioCApplicationTestsContext.groovy] does not exist
21:00:39.595 [Test worker] INFO org.springframework.test.context.support.AbstractContextLoader - Could not detect default resource locations for test class [cft.servizioC.ServizioCApplicationTests]: no resource found for suffixes {-context.xml, Context.groovy}.
21:00:39.597 [Test worker] INFO org.springframework.test.context.support.AnnotationConfigContextLoaderUtils - Could not detect default configuration classes for test class [cft.servizioC.ServizioCApplicationTests]: ServizioCApplicationTests does not declare any static, non-private, non-final, nested classes annotated with @Configuration.
21:00:39.689 [Test worker] DEBUG org.springframework.test.context.support.ActiveProfilesUtils - Could not find an 'annotation declaring class' for annotation type [org.springframework.test.context.ActiveProfiles] and class [cft.servizioC.ServizioCApplicationTests]
21:00:39.796 [Test worker] DEBUG org.springframework.context.annotation.ClassPathScanningCandidateComponentProvider - Identified candidate component class: file [C:\Users\Teodoro\git\ProgettoASW\servizioC\build\classes\java\main\cft\servizioC\ServizioCApplication.class]
21:00:39.799 [Test worker] INFO org.springframework.boot.test.context.SpringBootTestContextBootstrapper - Found @SpringBootConfiguration cft.servizioC.ServizioCApplication for test class cft.servizioC.ServizioCApplicationTests
21:00:40.065 [Test worker] DEBUG org.springframework.boot.test.context.SpringBootTestContextBootstrapper - @TestExecutionListeners is not present for class [cft.servizioC.ServizioCApplicationTests]: using defaults.
21:00:40.066 [Test worker] INFO org.springframework.boot.test.context.SpringBootTestContextBootstrapper - Loaded default TestExecutionListener class names from location [META-INF/spring.factories]: [org.springframework.boot.test.autoconfigure.restdocs.RestDocsTestExecutionListener, org.springframework.boot.test.autoconfigure.web.client.MockRestServiceServerResetTestExecutionListener, org.springframework.boot.test.autoconfigure.web.servlet.MockMvcPrintOnlyOnFailureTestExecutionListener, org.springframework.boot.test.autoconfigure.web.servlet.WebDriverTestExecutionListener, org.springframework.boot.test.mock.mockito.MockitoTestExecutionListener, org.springframework.boot.test.mock.mockito.ResetMocksTestExecutionListener, org.springframework.test.context.web.ServletTestExecutionListener, org.springframework.test.context.support.DirtiesContextBeforeModesTestExecutionListener, org.springframework.test.context.support.DependencyInjectionTestExecutionListener, org.springframework.test.context.support.DirtiesContextTestExecutionListener, org.springframework.test.context.transaction.TransactionalTestExecutionListener, org.springframework.test.context.jdbc.SqlScriptsTestExecutionListener]
21:00:40.087 [Test worker] DEBUG org.springframework.boot.test.context.SpringBootTestContextBootstrapper - Skipping candidate TestExecutionListener [org.springframework.test.context.transaction.TransactionalTestExecutionListener] due to a missing dependency. Specify custom listener classes or make the default listener classes and their required dependencies available. Offending class: [org/springframework/transaction/interceptor/TransactionAttributeSource]
21:00:40.089 [Test worker] DEBUG org.springframework.boot.test.context.SpringBootTestContextBootstrapper - Skipping candidate TestExecutionListener [org.springframework.test.context.jdbc.SqlScriptsTestExecutionListener] due to a missing dependency. Specify custom listener classes or make the default listener classes and their required dependencies available. Offending class: [org/springframework/transaction/interceptor/TransactionAttribute]
21:00:40.090 [Test worker] INFO org.springframework.boot.test.context.SpringBootTestContextBootstrapper - Using TestExecutionListeners: [org.springframework.test.context.web.ServletTestExecutionListener@170cfde6, org.springframework.test.context.support.DirtiesContextBeforeModesTestExecutionListener@5a4a2298, org.springframework.boot.test.mock.mockito.MockitoTestExecutionListener@551514fb, org.springframework.boot.test.autoconfigure.SpringBootDependencyInjectionTestExecutionListener@142ea3a, org.springframework.test.context.support.DirtiesContextTestExecutionListener@7151d439, org.springframework.boot.test.autoconfigure.restdocs.RestDocsTestExecutionListener@7a046669, org.springframework.boot.test.autoconfigure.web.client.MockRestServiceServerResetTestExecutionListener@74b171e, org.springframework.boot.test.autoconfigure.web.servlet.MockMvcPrintOnlyOnFailureTestExecutionListener@11ce2ef7, org.springframework.boot.test.autoconfigure.web.servlet.WebDriverTestExecutionListener@6ec1c0eb, org.springframework.boot.test.mock.mockito.ResetMocksTestExecutionListener@37afc474]
21:00:40.094 [Test worker] DEBUG org.springframework.test.annotation.ProfileValueUtils - Retrieved @ProfileValueSourceConfiguration [null] for test class [cft.servizioC.ServizioCApplicationTests]
21:00:40.095 [Test worker] DEBUG org.springframework.test.annotation.ProfileValueUtils - Retrieved ProfileValueSource type [class org.springframework.test.annotation.SystemProfileValueSource] for class [cft.servizioC.ServizioCApplicationTests]
]]></system-out>
  <system-err><![CDATA[]]></system-err>
</testsuite>
