<?xml version="1.0" encoding="UTF-8"?>
<testsuite name="cft.servizioC.ServizioCApplicationTests" tests="1" skipped="1" failures="0" errors="0" timestamp="2019-06-18T09:17:34" hostname="crismon01-xps15" time="0.0">
  <properties/>
  <testcase name="contextLoads" classname="cft.servizioC.ServizioCApplicationTests" time="0.0">
    <skipped/>
  </testcase>
  <system-out><![CDATA[11:17:34.620 [Test worker] DEBUG org.springframework.test.context.junit4.SpringJUnit4ClassRunner - SpringJUnit4ClassRunner constructor called with [class cft.servizioC.ServizioCApplicationTests]
11:17:34.626 [Test worker] DEBUG org.springframework.test.context.BootstrapUtils - Instantiating CacheAwareContextLoaderDelegate from class [org.springframework.test.context.cache.DefaultCacheAwareContextLoaderDelegate]
11:17:34.633 [Test worker] DEBUG org.springframework.test.context.BootstrapUtils - Instantiating BootstrapContext using constructor [public org.springframework.test.context.support.DefaultBootstrapContext(java.lang.Class,org.springframework.test.context.CacheAwareContextLoaderDelegate)]
11:17:34.648 [Test worker] DEBUG org.springframework.test.context.BootstrapUtils - Instantiating TestContextBootstrapper for test class [cft.servizioC.ServizioCApplicationTests] from class [org.springframework.boot.test.context.SpringBootTestContextBootstrapper]
11:17:34.656 [Test worker] INFO org.springframework.boot.test.context.SpringBootTestContextBootstrapper - Neither @ContextConfiguration nor @ContextHierarchy found for test class [cft.servizioC.ServizioCApplicationTests], using SpringBootContextLoader
11:17:34.658 [Test worker] DEBUG org.springframework.test.context.support.AbstractContextLoader - Did not detect default resource location for test class [cft.servizioC.ServizioCApplicationTests]: class path resource [cft/servizioC/ServizioCApplicationTests-context.xml] does not exist
11:17:34.659 [Test worker] DEBUG org.springframework.test.context.support.AbstractContextLoader - Did not detect default resource location for test class [cft.servizioC.ServizioCApplicationTests]: class path resource [cft/servizioC/ServizioCApplicationTestsContext.groovy] does not exist
11:17:34.659 [Test worker] INFO org.springframework.test.context.support.AbstractContextLoader - Could not detect default resource locations for test class [cft.servizioC.ServizioCApplicationTests]: no resource found for suffixes {-context.xml, Context.groovy}.
11:17:34.660 [Test worker] INFO org.springframework.test.context.support.AnnotationConfigContextLoaderUtils - Could not detect default configuration classes for test class [cft.servizioC.ServizioCApplicationTests]: ServizioCApplicationTests does not declare any static, non-private, non-final, nested classes annotated with @Configuration.
11:17:34.694 [Test worker] DEBUG org.springframework.test.context.support.ActiveProfilesUtils - Could not find an 'annotation declaring class' for annotation type [org.springframework.test.context.ActiveProfiles] and class [cft.servizioC.ServizioCApplicationTests]
11:17:34.744 [Test worker] DEBUG org.springframework.context.annotation.ClassPathScanningCandidateComponentProvider - Identified candidate component class: file [/home/crismon-01/Documenti/ProgettoASW/servizioC/build/classes/java/main/cft/servizioC/ServizioCApplication.class]
11:17:34.745 [Test worker] INFO org.springframework.boot.test.context.SpringBootTestContextBootstrapper - Found @SpringBootConfiguration cft.servizioC.ServizioCApplication for test class cft.servizioC.ServizioCApplicationTests
11:17:34.834 [Test worker] DEBUG org.springframework.boot.test.context.SpringBootTestContextBootstrapper - @TestExecutionListeners is not present for class [cft.servizioC.ServizioCApplicationTests]: using defaults.
11:17:34.834 [Test worker] INFO org.springframework.boot.test.context.SpringBootTestContextBootstrapper - Loaded default TestExecutionListener class names from location [META-INF/spring.factories]: [org.springframework.boot.test.autoconfigure.restdocs.RestDocsTestExecutionListener, org.springframework.boot.test.autoconfigure.web.client.MockRestServiceServerResetTestExecutionListener, org.springframework.boot.test.autoconfigure.web.servlet.MockMvcPrintOnlyOnFailureTestExecutionListener, org.springframework.boot.test.autoconfigure.web.servlet.WebDriverTestExecutionListener, org.springframework.boot.test.mock.mockito.MockitoTestExecutionListener, org.springframework.boot.test.mock.mockito.ResetMocksTestExecutionListener, org.springframework.test.context.web.ServletTestExecutionListener, org.springframework.test.context.support.DirtiesContextBeforeModesTestExecutionListener, org.springframework.test.context.support.DependencyInjectionTestExecutionListener, org.springframework.test.context.support.DirtiesContextTestExecutionListener, org.springframework.test.context.transaction.TransactionalTestExecutionListener, org.springframework.test.context.jdbc.SqlScriptsTestExecutionListener]
11:17:34.842 [Test worker] DEBUG org.springframework.boot.test.context.SpringBootTestContextBootstrapper - Skipping candidate TestExecutionListener [org.springframework.test.context.transaction.TransactionalTestExecutionListener] due to a missing dependency. Specify custom listener classes or make the default listener classes and their required dependencies available. Offending class: [org/springframework/transaction/TransactionDefinition]
11:17:34.843 [Test worker] DEBUG org.springframework.boot.test.context.SpringBootTestContextBootstrapper - Skipping candidate TestExecutionListener [org.springframework.test.context.jdbc.SqlScriptsTestExecutionListener] due to a missing dependency. Specify custom listener classes or make the default listener classes and their required dependencies available. Offending class: [org/springframework/transaction/interceptor/TransactionAttribute]
11:17:34.843 [Test worker] INFO org.springframework.boot.test.context.SpringBootTestContextBootstrapper - Using TestExecutionListeners: [org.springframework.test.context.web.ServletTestExecutionListener@7dfe727d, org.springframework.test.context.support.DirtiesContextBeforeModesTestExecutionListener@538bb94b, org.springframework.boot.test.mock.mockito.MockitoTestExecutionListener@7d47eecf, org.springframework.boot.test.autoconfigure.SpringBootDependencyInjectionTestExecutionListener@12ecae19, org.springframework.test.context.support.DirtiesContextTestExecutionListener@1c0f4ba3, org.springframework.boot.test.autoconfigure.restdocs.RestDocsTestExecutionListener@12c0e888, org.springframework.boot.test.autoconfigure.web.client.MockRestServiceServerResetTestExecutionListener@50b35d89, org.springframework.boot.test.autoconfigure.web.servlet.MockMvcPrintOnlyOnFailureTestExecutionListener@27d8bde0, org.springframework.boot.test.autoconfigure.web.servlet.WebDriverTestExecutionListener@41ecb8eb, org.springframework.boot.test.mock.mockito.ResetMocksTestExecutionListener@54fd9cf6]
11:17:34.844 [Test worker] DEBUG org.springframework.test.annotation.ProfileValueUtils - Retrieved @ProfileValueSourceConfiguration [null] for test class [cft.servizioC.ServizioCApplicationTests]
11:17:34.845 [Test worker] DEBUG org.springframework.test.annotation.ProfileValueUtils - Retrieved ProfileValueSource type [class org.springframework.test.annotation.SystemProfileValueSource] for class [cft.servizioC.ServizioCApplicationTests]
]]></system-out>
  <system-err><![CDATA[]]></system-err>
</testsuite>
